Arguments: 
  /usr/local/Cellar/node/14.8.0/bin/node /usr/local/Cellar/yarn/1.22.4/libexec/bin/yarn.js add @nexus/schema applo-server-micro next nexus-plugin-prisma react react-dom

PATH: 
  /Users/sejin/Library/Android/sdk/emulator:/Users/sejin/Library/Android/sdk/tools:/usr/local/bin:/usr/bin:/bin:/usr/sbin:/sbin:/Library/Apple/usr/bin:/Users/sejin/Library/Android/sdk/emulator:/Users/sejin/Library/Android/sdk/tools:/Users/sejin/Library/Android/sdk/platform-tools:/Users/sejin/Library/Android/sdk/platform-tools/:/Users/sejin/Library/Android/sdk/platform-tools:/Users/sejin/Library/Android/sdk/tools:/Users/sejin/Library/Android/sdk/platform-tools:/Users/sejin/Library/Android/sdk/platform-tools/

Yarn version: 
  1.22.4

Node version: 
  14.8.0

Platform: 
  darwin x64

Trace: 
  Error: https://registry.yarnpkg.com/applo-server-micro: Not found
      at Request.params.callback [as _callback] (/usr/local/Cellar/yarn/1.22.4/libexec/lib/cli.js:66987:18)
      at Request.self.callback (/usr/local/Cellar/yarn/1.22.4/libexec/lib/cli.js:140748:22)
      at Request.emit (events.js:314:20)
      at Request.<anonymous> (/usr/local/Cellar/yarn/1.22.4/libexec/lib/cli.js:141720:10)
      at Request.emit (events.js:314:20)
      at IncomingMessage.<anonymous> (/usr/local/Cellar/yarn/1.22.4/libexec/lib/cli.js:141642:12)
      at Object.onceWrapper (events.js:420:28)
      at IncomingMessage.emit (events.js:326:22)
      at endReadableNT (_stream_readable.js:1244:12)
      at processTicksAndRejections (internal/process/task_queues.js:80:21)

npm manifest: 
  {
    "name": "nexusExample",
    "version": "1.0.0",
    "description": "example",
    "main": "index.js",
    "author": "sejin",
    "license": "MIT",
    "scripts": {
      "dev": "next dev",
      "build": "next build",
      "start": "next start"
    }
  }

yarn manifest: 
  No manifest

Lockfile: 
  No lockfile
